<?xml version="1.0" encoding="UTF-8"?>
<!-- Generated by org.testng.reporters.JUnitReportReporter -->
<testsuite hostname="Aman" failures="0" tests="1" name="testng.Grouping1" time="0.013" errors="0" timestamp="2022-08-08T22:16:05 IST" skipped="0">
  <testcase classname="testng.Grouping1" name="mobile" time="0.013"/>
  <system-out/>
</testsuite> <!-- testng.Grouping1 -->
