<?xml version="1.0" encoding="UTF-8"?>
<!-- Generated by org.testng.reporters.JUnitReportReporter -->
<testsuite hostname="Aman" failures="0" tests="1" name="pom.LoginTest" time="0.328" errors="0" timestamp="2022-08-06T12:28:47 IST" skipped="0">
  <testcase classname="pom.LoginTest" name="login" time="0.328"/>
  <system-out/>
</testsuite> <!-- pom.LoginTest -->
