<?xml version="1.0" encoding="UTF-8"?>
<!-- Generated by org.testng.reporters.JUnitReportReporter -->
<testsuite hostname="Aman" failures="0" tests="2" name="testng.NewTest" time="2.022" errors="0" timestamp="2022-08-08T22:12:39 IST" skipped="0">
  <testcase classname="testng.NewTest" name="testCase1" time="0.017"/>
  <system-out/>
  <testcase classname="testng.NewTest" name="testCase2" time="2.005"/>
  <system-out/>
</testsuite> <!-- testng.NewTest -->
