<?xml version="1.0" encoding="UTF-8"?>
<!-- Generated by org.testng.reporters.JUnitReportReporter -->
<testsuite hostname="Aman" failures="0" tests="2" name="testng.NewTest1" time="0.016" errors="0" timestamp="2022-08-08T22:04:17 IST" skipped="1">
  <testcase classname="testng.NewTest1" name="emailId" time="0.016"/>
  <system-out/>
  <testcase classname="testng.NewTest1" name="mobileno">
    <skipped/>
  </testcase> <!-- mobileno -->
  <system-out/>
</testsuite> <!-- testng.NewTest1 -->
