<?xml version="1.0" encoding="UTF-8"?>
<!-- Generated by org.testng.reporters.JUnitReportReporter -->
<testsuite hostname="Aman" failures="0" tests="6" name="testng.NewTest2" time="29.249" errors="0" timestamp="2022-07-21T23:04:10 IST" skipped="0">
  <testcase classname="testng.NewTest2" name="username" time="4.213"/>
  <system-out/>
  <testcase classname="testng.NewTest2" name="username" time="4.538"/>
  <system-out/>
  <testcase classname="testng.NewTest2" name="button" time="6.876"/>
  <system-out/>
  <testcase classname="testng.NewTest2" name="button" time="5.538"/>
  <system-out/>
  <testcase classname="testng.NewTest2" name="title" time="4.051"/>
  <system-out/>
  <testcase classname="testng.NewTest2" name="title" time="4.033"/>
  <system-out/>
</testsuite> <!-- testng.NewTest2 -->
