<?xml version="1.0" encoding="UTF-8"?>
<!-- Generated by org.testng.reporters.JUnitReportReporter -->
<testsuite hostname="Aman" failures="0" tests="1" name="pom.LoginTest2" time="4.647" errors="0" timestamp="2022-08-06T21:26:42 IST" skipped="0">
  <testcase classname="pom.LoginTest2" name="login" time="4.647"/>
  <system-out/>
</testsuite> <!-- pom.LoginTest2 -->
