<?xml version="1.0" encoding="UTF-8"?>
<!-- Generated by org.testng.reporters.JUnitReportReporter -->
<testsuite hostname="Aman" failures="0" tests="2" name="testng.Grouping" time="0.016" errors="0" timestamp="2022-07-20T22:13:28 IST" skipped="0">
  <testcase classname="testng.Grouping" name="title" time="0.003"/>
  <system-out/>
  <testcase classname="testng.Grouping" name="homepage" time="0.013"/>
  <system-out/>
</testsuite> <!-- testng.Grouping -->
